  grafos.c
C:\Users\wados\OneDrive\Ambiente de Trabalho\stuff\eduardo\licenciatura\2 semestre\Estrutura_dados\Estrutura_dados\TrabalhoPratico-fase2\TrabalhoPratico-fase2\grafos.c(21,3): error C4996: 'strcpy': This function or variable may be unsafe. Consider using strcpy_s instead. To disable deprecation, use _CRT_SECURE_NO_WARNINGS. See online help for details.
C:\Users\wados\OneDrive\Ambiente de Trabalho\stuff\eduardo\licenciatura\2 semestre\Estrutura_dados\Estrutura_dados\TrabalhoPratico-fase2\TrabalhoPratico-fase2\grafos.c(56,4): error C4996: 'strcpy': This function or variable may be unsafe. Consider using strcpy_s instead. To disable deprecation, use _CRT_SECURE_NO_WARNINGS. See online help for details.
C:\Users\wados\OneDrive\Ambiente de Trabalho\stuff\eduardo\licenciatura\2 semestre\Estrutura_dados\Estrutura_dados\TrabalhoPratico-fase2\TrabalhoPratico-fase2\grafos.c(71,7): error C4996: 'fopen': This function or variable may be unsafe. Consider using fopen_s instead. To disable deprecation, use _CRT_SECURE_NO_WARNINGS. See online help for details.
C:\Users\wados\OneDrive\Ambiente de Trabalho\stuff\eduardo\licenciatura\2 semestre\Estrutura_dados\Estrutura_dados\TrabalhoPratico-fase2\TrabalhoPratico-fase2\grafos.c(92,7): error C4996: 'fopen': This function or variable may be unsafe. Consider using fopen_s instead. To disable deprecation, use _CRT_SECURE_NO_WARNINGS. See online help for details.
C:\Users\wados\OneDrive\Ambiente de Trabalho\stuff\eduardo\licenciatura\2 semestre\Estrutura_dados\Estrutura_dados\TrabalhoPratico-fase2\TrabalhoPratico-fase2\grafos.c(130,3): error C4996: 'strcpy': This function or variable may be unsafe. Consider using strcpy_s instead. To disable deprecation, use _CRT_SECURE_NO_WARNINGS. See online help for details.
C:\Users\wados\OneDrive\Ambiente de Trabalho\stuff\eduardo\licenciatura\2 semestre\Estrutura_dados\Estrutura_dados\TrabalhoPratico-fase2\TrabalhoPratico-fase2\grafos.c(133,3): error C4996: 'strcpy': This function or variable may be unsafe. Consider using strcpy_s instead. To disable deprecation, use _CRT_SECURE_NO_WARNINGS. See online help for details.
C:\Users\wados\OneDrive\Ambiente de Trabalho\stuff\eduardo\licenciatura\2 semestre\Estrutura_dados\Estrutura_dados\TrabalhoPratico-fase2\TrabalhoPratico-fase2\grafos.c(158,28): warning C4133: '=': incompatible types - from 'meioTransporte' to 'registo3 *'
C:\Users\wados\OneDrive\Ambiente de Trabalho\stuff\eduardo\licenciatura\2 semestre\Estrutura_dados\Estrutura_dados\TrabalhoPratico-fase2\TrabalhoPratico-fase2\grafos.c(159,18): warning C4133: '=': incompatible types - from 'Cliente' to 'meioTransporte'
C:\Users\wados\OneDrive\Ambiente de Trabalho\stuff\eduardo\licenciatura\2 semestre\Estrutura_dados\Estrutura_dados\TrabalhoPratico-fase2\TrabalhoPratico-fase2\grafos.c(153,3): error C4996: 'strcpy': This function or variable may be unsafe. Consider using strcpy_s instead. To disable deprecation, use _CRT_SECURE_NO_WARNINGS. See online help for details.
C:\Users\wados\OneDrive\Ambiente de Trabalho\stuff\eduardo\licenciatura\2 semestre\Estrutura_dados\Estrutura_dados\TrabalhoPratico-fase2\TrabalhoPratico-fase2\grafos.c(156,3): error C4996: 'strcpy': This function or variable may be unsafe. Consider using strcpy_s instead. To disable deprecation, use _CRT_SECURE_NO_WARNINGS. See online help for details.
C:\Users\wados\OneDrive\Ambiente de Trabalho\stuff\eduardo\licenciatura\2 semestre\Estrutura_dados\Estrutura_dados\TrabalhoPratico-fase2\TrabalhoPratico-fase2\grafos.c(157,3): error C4996: 'strcpy': This function or variable may be unsafe. Consider using strcpy_s instead. To disable deprecation, use _CRT_SECURE_NO_WARNINGS. See online help for details.
C:\Users\wados\OneDrive\Ambiente de Trabalho\stuff\eduardo\licenciatura\2 semestre\Estrutura_dados\Estrutura_dados\TrabalhoPratico-fase2\TrabalhoPratico-fase2\grafos.c(173,7): error C4996: 'fopen': This function or variable may be unsafe. Consider using fopen_s instead. To disable deprecation, use _CRT_SECURE_NO_WARNINGS. See online help for details.
C:\Users\wados\OneDrive\Ambiente de Trabalho\stuff\eduardo\licenciatura\2 semestre\Estrutura_dados\Estrutura_dados\TrabalhoPratico-fase2\TrabalhoPratico-fase2\grafos.c(178,4): error C4996: 'fscanf': This function or variable may be unsafe. Consider using fscanf_s instead. To disable deprecation, use _CRT_SECURE_NO_WARNINGS. See online help for details.
C:\Users\wados\OneDrive\Ambiente de Trabalho\stuff\eduardo\licenciatura\2 semestre\Estrutura_dados\Estrutura_dados\TrabalhoPratico-fase2\TrabalhoPratico-fase2\grafos.c(194,7): error C4996: 'fopen': This function or variable may be unsafe. Consider using fopen_s instead. To disable deprecation, use _CRT_SECURE_NO_WARNINGS. See online help for details.
C:\Users\wados\OneDrive\Ambiente de Trabalho\stuff\eduardo\licenciatura\2 semestre\Estrutura_dados\Estrutura_dados\TrabalhoPratico-fase2\TrabalhoPratico-fase2\grafos.c(199,4): error C4996: 'fscanf': This function or variable may be unsafe. Consider using fscanf_s instead. To disable deprecation, use _CRT_SECURE_NO_WARNINGS. See online help for details.
  main.c
C:\Users\wados\OneDrive\Ambiente de Trabalho\stuff\eduardo\licenciatura\2 semestre\Estrutura_dados\Estrutura_dados\TrabalhoPratico-fase2\TrabalhoPratico-fase2\main.c(66,21): warning C4047: 'function': 'Grafo' differs in levels of indirection from 'meioTransporte *'
C:\Users\wados\OneDrive\Ambiente de Trabalho\stuff\eduardo\licenciatura\2 semestre\Estrutura_dados\Estrutura_dados\TrabalhoPratico-fase2\TrabalhoPratico-fase2\main.c(66,16): warning C4024: 'inserirMeio': different types for formal and actual parameter 1
C:\Users\wados\OneDrive\Ambiente de Trabalho\stuff\eduardo\licenciatura\2 semestre\Estrutura_dados\Estrutura_dados\TrabalhoPratico-fase2\TrabalhoPratico-fase2\main.c(66,30): warning C4047: 'function': 'char *' differs in levels of indirection from 'int'
C:\Users\wados\OneDrive\Ambiente de Trabalho\stuff\eduardo\licenciatura\2 semestre\Estrutura_dados\Estrutura_dados\TrabalhoPratico-fase2\TrabalhoPratico-fase2\main.c(66,23): warning C4024: 'inserirMeio': different types for formal and actual parameter 2
C:\Users\wados\OneDrive\Ambiente de Trabalho\stuff\eduardo\licenciatura\2 semestre\Estrutura_dados\Estrutura_dados\TrabalhoPratico-fase2\TrabalhoPratico-fase2\main.c(66,37): warning C4047: 'function': 'int' differs in levels of indirection from 'char [50]'
C:\Users\wados\OneDrive\Ambiente de Trabalho\stuff\eduardo\licenciatura\2 semestre\Estrutura_dados\Estrutura_dados\TrabalhoPratico-fase2\TrabalhoPratico-fase2\main.c(66,32): warning C4024: 'inserirMeio': different types for formal and actual parameter 3
C:\Users\wados\OneDrive\Ambiente de Trabalho\stuff\eduardo\licenciatura\2 semestre\Estrutura_dados\Estrutura_dados\TrabalhoPratico-fase2\TrabalhoPratico-fase2\main.c(66,42): error C2440: 'function': cannot convert from 'float' to 'char *'
C:\Users\wados\OneDrive\Ambiente de Trabalho\stuff\eduardo\licenciatura\2 semestre\Estrutura_dados\Estrutura_dados\TrabalhoPratico-fase2\TrabalhoPratico-fase2\main.c(66,39): warning C4024: 'inserirMeio': different types for formal and actual parameter 4
C:\Users\wados\OneDrive\Ambiente de Trabalho\stuff\eduardo\licenciatura\2 semestre\Estrutura_dados\Estrutura_dados\TrabalhoPratico-fase2\TrabalhoPratico-fase2\main.c(66,58): error C2440: 'function': cannot convert from 'char [50]' to 'float'
C:\Users\wados\OneDrive\Ambiente de Trabalho\stuff\eduardo\licenciatura\2 semestre\Estrutura_dados\Estrutura_dados\TrabalhoPratico-fase2\TrabalhoPratico-fase2\main.c(66,49): warning C4024: 'inserirMeio': different types for formal and actual parameter 6
C:\Users\wados\OneDrive\Ambiente de Trabalho\stuff\eduardo\licenciatura\2 semestre\Estrutura_dados\Estrutura_dados\TrabalhoPratico-fase2\TrabalhoPratico-fase2\main.c(66,4): error C2198: 'inserirMeio': too few arguments for call
C:\Users\wados\OneDrive\Ambiente de Trabalho\stuff\eduardo\licenciatura\2 semestre\Estrutura_dados\Estrutura_dados\TrabalhoPratico-fase2\TrabalhoPratico-fase2\main.c(81,28): warning C4047: 'function': 'Grafo' differs in levels of indirection from 'Cliente *'
C:\Users\wados\OneDrive\Ambiente de Trabalho\stuff\eduardo\licenciatura\2 semestre\Estrutura_dados\Estrutura_dados\TrabalhoPratico-fase2\TrabalhoPratico-fase2\main.c(81,20): warning C4024: 'inserirClientes': different types for formal and actual parameter 1
C:\Users\wados\OneDrive\Ambiente de Trabalho\stuff\eduardo\licenciatura\2 semestre\Estrutura_dados\Estrutura_dados\TrabalhoPratico-fase2\TrabalhoPratico-fase2\main.c(81,40): warning C4047: 'function': 'char *' differs in levels of indirection from 'int'
C:\Users\wados\OneDrive\Ambiente de Trabalho\stuff\eduardo\licenciatura\2 semestre\Estrutura_dados\Estrutura_dados\TrabalhoPratico-fase2\TrabalhoPratico-fase2\main.c(81,30): warning C4024: 'inserirClientes': different types for formal and actual parameter 2
C:\Users\wados\OneDrive\Ambiente de Trabalho\stuff\eduardo\licenciatura\2 semestre\Estrutura_dados\Estrutura_dados\TrabalhoPratico-fase2\TrabalhoPratico-fase2\main.c(81,54): warning C4047: 'function': 'char *' differs in levels of indirection from 'int'
C:\Users\wados\OneDrive\Ambiente de Trabalho\stuff\eduardo\licenciatura\2 semestre\Estrutura_dados\Estrutura_dados\TrabalhoPratico-fase2\TrabalhoPratico-fase2\main.c(81,50): warning C4024: 'inserirClientes': different types for formal and actual parameter 4
C:\Users\wados\OneDrive\Ambiente de Trabalho\stuff\eduardo\licenciatura\2 semestre\Estrutura_dados\Estrutura_dados\TrabalhoPratico-fase2\TrabalhoPratico-fase2\main.c(81,61): warning C4047: 'function': 'int' differs in levels of indirection from 'char [50]'
C:\Users\wados\OneDrive\Ambiente de Trabalho\stuff\eduardo\licenciatura\2 semestre\Estrutura_dados\Estrutura_dados\TrabalhoPratico-fase2\TrabalhoPratico-fase2\main.c(81,56): warning C4024: 'inserirClientes': different types for formal and actual parameter 5
C:\Users\wados\OneDrive\Ambiente de Trabalho\stuff\eduardo\licenciatura\2 semestre\Estrutura_dados\Estrutura_dados\TrabalhoPratico-fase2\TrabalhoPratico-fase2\main.c(81,75): warning C4047: 'function': 'int' differs in levels of indirection from 'char [50]'
C:\Users\wados\OneDrive\Ambiente de Trabalho\stuff\eduardo\licenciatura\2 semestre\Estrutura_dados\Estrutura_dados\TrabalhoPratico-fase2\TrabalhoPratico-fase2\main.c(81,63): warning C4024: 'inserirClientes': different types for formal and actual parameter 6
C:\Users\wados\OneDrive\Ambiente de Trabalho\stuff\eduardo\licenciatura\2 semestre\Estrutura_dados\Estrutura_dados\TrabalhoPratico-fase2\TrabalhoPratico-fase2\main.c(81,4): error C2198: 'inserirClientes': too few arguments for call
  Generating Code...
